$template_uri:http://127.0.0.1/wp-content/themes/dt-the7
wp_ajax_xh_social_captcha
wp_ajax_create_album
do create_album_by_user
targetPath:F:\\Mine\\wwwroot\\abc.com/album/1/
wp_ajax_heartbeat
wp_ajax_heartbeat
wp_ajax_vc_edit_form
wp_ajax_heartbeat
$template_uri:http://127.0.0.1/wp-content/themes/dt-the7
wp_ajax_oembed-cache
wp_ajax_wsocial_cron
wp_ajax_xh_social_captcha
wp_ajax_create_album
do create_album_by_user
targetPath:F:\\Mine\\wwwroot\\abc.com/album/1/
wp_ajax_heartbeat
wp_ajax_vc_edit_form
wp_ajax_heartbeat
wp_ajax_oembed-cache
wp_ajax_wsocial_cron
wp_ajax_create_album
do create_album_by_user
targetPath:F:\\Mine\\wwwroot\\abc.com/album/1/
$template_uri:http://127.0.0.1/wp-content/themes/dt-the7
wp_ajax_xh_social_captcha
wp_ajax_create_album
do create_album_by_user
targetPath:F:\\Mine\\wwwroot\\abc.com/album/1/
wp_ajax_heartbeat
wp_ajax_heartbeat
wp_ajax_vc_edit_form
wp_ajax_heartbeat
wp_ajax_heartbeat
wp_ajax_heartbeat
$template_uri:http://127.0.0.1/wp-content/themes/dt-the7
wp_ajax_xh_social_captcha
wp_ajax_oembed-cache
wp_ajax_wsocial_cron
wp_ajax_create_album
do create_album_by_user
targetPath:F:\\Mine\\wwwroot\\abc.com/album/1/dafds
wp_ajax_create_album
do create_album_by_user
targetPath:F:\\Mine\\wwwroot\\abc.com/album/1/dafds
wp_ajax_heartbeat
wp_ajax_heartbeat
wp_ajax_create_album
do create_album_by_user
targetPath:F:\\Mine\\wwwroot\\abc.com/album/1/dafds
wp_ajax_create_album
do create_album_by_user
targetPath:F:\\Mine\\wwwroot\\abc.com/album/1/dafds
wp_ajax_heartbeat
wp_ajax_heartbeat
wp_ajax_heartbeat
wp_ajax_heartbeat
wp_ajax_heartbeat
wp_ajax_heartbeat
wp_ajax_create_album
do create_album_by_user
modelPath:F:\\Mine\\wwwroot\\abc.com/album/
targetPath:F:\\Mine\\wwwroot\\abc.com/album/1/dafds
wp_ajax_heartbeat
wp_ajax_create_album
do create_album_by_user
modelPath:F:\\Mine\\wwwroot\\abc.com/album//model
targetPath:F:\\Mine\\wwwroot\\abc.com/album/1/dafds
wp_ajax_create_album
do create_album_by_user
modelPath:F:\\Mine\\wwwroot\\abc.com/album/model
targetPath:F:\\Mine\\wwwroot\\abc.com/album/1/dafds
wp_ajax_heartbeat
wp_ajax_heartbeat
wp_ajax_heartbeat
wp_ajax_vc_edit_form
wp_ajax_heartbeat
wp_ajax_heartbeat
wp_ajax_heartbeat
wp_ajax_oembed-cache
wp_ajax_wsocial_cron
wp_ajax_heartbeat
$template_uri:http://127.0.0.1/wp-content/themes/dt-the7
wp_ajax_xh_social_captcha
wp_ajax_create_album
do create_album_by_user
modelPath:F:\\Mine\\wwwroot\\abc.com/album/model
targetPath:F:\\Mine\\wwwroot\\abc.com/album/1/dafds
wp_ajax_create_album
do create_album_by_user
modelPath:F:\\Mine\\wwwroot\\abc.com/album/model
targetPath:F:\\Mine\\wwwroot\\abc.com/album/1/dafds
wp_ajax_heartbeat
wp_ajax_heartbeat
wp_ajax_heartbeat
wp_ajax_heartbeat
wp_ajax_heartbeat
wp_ajax_heartbeat
wp_ajax_vc_edit_form
wp_ajax_heartbeat
wp_ajax_heartbeat
wp_ajax_vc_edit_form
wp_ajax_heartbeat
wp_ajax_heartbeat
wp_ajax_heartbeat
wp_ajax_heartbeat
wp_ajax_heartbeat
wp_ajax_heartbeat
wp_ajax_xh_social_captcha
wp_ajax_wp-remove-post-lock
$template_uri:http://127.0.0.1/wp-content/themes/dt-the7
$template_uri:http://127.0.0.1/wp-content/themes/dt-the7
wp_ajax_xh_social_captcha
$template_uri:http://127.0.0.1/wp-content/themes/dt-the7
wp_ajax_xh_social_captcha
$template_uri:http://127.0.0.1/wp-content/themes/dt-the7
wp_ajax_get-community-events
wp_ajax_wsocial_cron
wp_ajax_dashboard-widgets
$template_uri:http://127.0.0.1/wp-content/themes/dt-the7
wp_ajax_xh_social_captcha
wp_ajax_heartbeat
wp_ajax_wsocial_cron
wp_ajax_xh_social_captcha
wp_ajax_heartbeat
wp_ajax_wsocial_cron
wp_ajax_heartbeat
wp_ajax_wp-remove-post-lock
$template_uri:http://127.0.0.1/wp-content/themes/dt-the7
wp_ajax_wsocial_cron
wp_ajax_xh_social_captcha
wp_ajax_wsocial_cron
wp_ajax_heartbeat
wp_ajax_heartbeat
wp_ajax_heartbeat
wp_ajax_oembed-cache
wp_ajax_wsocial_cron
wp_ajax_heartbeat
$template_uri:http://127.0.0.1/wp-content/themes/dt-the7
wp_ajax_xh_social_captcha
wp_ajax_heartbeat
wp_ajax_heartbeat
wp_ajax_wp-remove-post-lock
wp_ajax_get-revision-diffs
wp_ajax_wsocial_cron
wp_ajax_wsocial_cron
wp_ajax_oembed-cache
wp_ajax_wsocial_cron
$template_uri:http://127.0.0.1/wp-content/themes/dt-the7
wp_ajax_xh_social_captcha
wp_ajax_heartbeat
$template_uri:http://127.0.0.1/wp-content/themes/dt-the7
wp_ajax_xh_social_captcha
wp_ajax_heartbeat
wp_ajax_heartbeat
$template_uri:http://127.0.0.1/wp-content/themes/dt-the7
wp_ajax_xh_social_captcha
wp_ajax_heartbeat
wp_ajax_heartbeat
wp_ajax_heartbeat
wp_ajax_vc_edit_form
wp_ajax_heartbeat
wp_ajax_heartbeat
wp_ajax_oembed-cache
wp_ajax_wsocial_cron
wp_ajax_heartbeat
$template_uri:http://127.0.0.1/wp-content/themes/dt-the7
wp_ajax_xh_social_captcha
wp_ajax_heartbeat
wp_ajax_heartbeat
wp_ajax_heartbeat
wp_ajax_vc_edit_form
wp_ajax_heartbeat
wp_ajax_oembed-cache
wp_ajax_wsocial_cron
wp_ajax_heartbeat
wp_ajax_oembed-cache
wp_ajax_wsocial_cron
wp_ajax_heartbeat
wp_ajax_heartbeat
wp_ajax_heartbeat
wp_ajax_heartbeat
wp_ajax_heartbeat
wp_ajax_heartbeat
wp_ajax_heartbeat
$template_uri:http://127.0.0.1/wp-content/themes/dt-the7
wp_ajax_xh_social_captcha
wp_ajax_heartbeat
wp_ajax_vc_edit_form
wp_ajax_heartbeat
wp_ajax_oembed-cache
wp_ajax_wsocial_cron
$template_uri:http://127.0.0.1/wp-content/themes/dt-the7
wp_ajax_xh_social_captcha
wp_ajax_heartbeat
$template_uri:http://127.0.0.1/wp-content/themes/dt-the7
$template_uri:http://127.0.0.1/wp-content/themes/dt-the7
wp_ajax_xh_social_captcha
wp_ajax_heartbeat
wp_ajax_vc_edit_form
wp_ajax_heartbeat
wp_ajax_oembed-cache
wp_ajax_wsocial_cron
$template_uri:http://127.0.0.1/wp-content/themes/dt-the7
wp_ajax_xh_social_captcha
wp_ajax_heartbeat
wp_ajax_vc_edit_form
wp_ajax_heartbeat
wp_ajax_heartbeat
wp_ajax_heartbeat
wp_ajax_heartbeat
wp_ajax_heartbeat
wp_ajax_heartbeat
wp_ajax_heartbeat
wp_ajax_heartbeat
wp_ajax_heartbeat
wp_ajax_heartbeat
wp_ajax_heartbeat
wp_ajax_heartbeat
wp_ajax_oembed-cache
wp_ajax_wsocial_cron
$template_uri:http://127.0.0.1/wp-content/themes/dt-the7
wp_ajax_xh_social_captcha
$template_uri:http://127.0.0.1/wp-content/themes/dt-the7
wp_ajax_heartbeat
wp_ajax_xh_social_captcha
wp_ajax_heartbeat
wp_ajax_vc_edit_form
wp_ajax_imagify_get_admin_bar_profile
wp_ajax_heartbeat
wp_ajax_oembed-cache
wp_ajax_wsocial_cron
$template_uri:http://127.0.0.1/wp-content/themes/dt-the7
wp_ajax_xh_social_captcha
wp_ajax_heartbeat
wp_ajax_vc_edit_form
wp_ajax_heartbeat
wp_ajax_heartbeat
wp_ajax_heartbeat
wp_ajax_heartbeat
wp_ajax_heartbeat
wp_ajax_heartbeat
wp_ajax_heartbeat
wp_ajax_oembed-cache
wp_ajax_wsocial_cron
$template_uri:http://127.0.0.1/wp-content/themes/dt-the7
wp_ajax_xh_social_captcha
wp_ajax_heartbeat
wp_ajax_heartbeat
$template_uri:http://127.0.0.1/wp-content/themes/dt-the7
wp_ajax_heartbeat
wp_ajax_vc_edit_form
wp_ajax_heartbeat
wp_ajax_oembed-cache
wp_ajax_wsocial_cron
wp_ajax_heartbeat
wp_ajax_imagify_get_admin_bar_profile
wp_ajax_heartbeat
wp_ajax_heartbeat
$template_uri:http://127.0.0.1/wp-content/themes/dt-the7
wp_ajax_xh_social_captcha
wp_ajax_heartbeat
wp_ajax_heartbeat
wp_ajax_heartbeat
wp_ajax_vc_edit_form
wp_ajax_heartbeat
wp_ajax_heartbeat
wp_ajax_heartbeat
wp_ajax_heartbeat
wp_ajax_heartbeat
wp_ajax_vc_edit_form
wp_ajax_heartbeat
wp_ajax_heartbeat
wp_ajax_heartbeat
wp_ajax_heartbeat
wp_ajax_vc_edit_form
wp_ajax_heartbeat
wp_ajax_heartbeat
wp_ajax_heartbeat
wp_ajax_heartbeat
wp_ajax_heartbeat
wp_ajax_heartbeat
wp_ajax_heartbeat
wp_ajax_heartbeat
wp_ajax_heartbeat
wp_ajax_heartbeat
wp_ajax_heartbeat
wp_ajax_heartbeat
wp_ajax_heartbeat
wp_ajax_heartbeat
wp_ajax_heartbeat
wp_ajax_heartbeat
wp_ajax_heartbeat
wp_ajax_heartbeat
wp_ajax_heartbeat
wp_ajax_heartbeat
wp_ajax_oembed-cache
wp_ajax_wsocial_cron
wp_ajax_heartbeat
$template_uri:http://127.0.0.1/wp-content/themes/dt-the7
wp_ajax_xh_social_captcha
wp_ajax_heartbeat
wp_ajax_vc_edit_form
wp_ajax_heartbeat
wp_ajax_heartbeat
wp_ajax_heartbeat
wp_ajax_vc_edit_form
wp_ajax_heartbeat
wp_ajax_imagify_get_admin_bar_profile
wp_ajax_heartbeat
wp_ajax_oembed-cache
wp_ajax_wsocial_cron
wp_ajax_heartbeat
$template_uri:http://127.0.0.1/wp-content/themes/dt-the7
wp_ajax_xh_social_captcha
wp_ajax_get_album_names
do get_album_names_by_user
$template_uri:http://127.0.0.1/wp-content/themes/dt-the7
$template_uri:http://127.0.0.1/wp-content/themes/dt-the7
wp_ajax_heartbeat
wp_ajax_heartbeat
wp_ajax_heartbeat
$template_uri:http://127.0.0.1/wp-content/themes/dt-the7
wp_ajax_xh_social_captcha
wp_ajax_get_album_names
do get_album_names_by_user
$template_uri:http://127.0.0.1/wp-content/themes/dt-the7
$template_uri:http://127.0.0.1/wp-content/themes/dt-the7
wp_ajax_heartbeat
wp_ajax_heartbeat
wp_ajax_heartbeat
wp_ajax_heartbeat
wp_ajax_heartbeat
wp_ajax_heartbeat
wp_ajax_heartbeat
wp_ajax_heartbeat
wp_ajax_heartbeat
wp_ajax_heartbeat
wp_ajax_heartbeat
wp_ajax_heartbeat
wp_ajax_heartbeat
wp_ajax_heartbeat
wp_ajax_heartbeat
wp_ajax_heartbeat
wp_ajax_heartbeat
wp_ajax_heartbeat
wp_ajax_heartbeat
wp_ajax_heartbeat
$template_uri:http://127.0.0.1/wp-content/themes/dt-the7
wp_ajax_xh_social_captcha
wp_ajax_get_album_names
do get_album_names_by_user
wp_ajax_heartbeat
wp_ajax_heartbeat
$template_uri:http://127.0.0.1/wp-content/themes/dt-the7
wp_ajax_xh_social_captcha
wp_ajax_heartbeat
wp_ajax_heartbeat
wp_ajax_heartbeat
wp_ajax_heartbeat
$template_uri:http://127.0.0.1/wp-content/themes/dt-the7
wp_ajax_supsystic-membership
wp_ajax_xh_social_captcha
wp_ajax_get_my_pic
do get_images_by_user
wp_ajax_heartbeat
wp_ajax_vc_edit_form
wp_ajax_heartbeat
wp_ajax_heartbeat
wp_ajax_heartbeat
wp_ajax_oembed-cache
wp_ajax_wsocial_cron
wp_ajax_heartbeat
wp_ajax_heartbeat
wp_ajax_heartbeat
wp_ajax_heartbeat
wp_ajax_imagify_get_admin_bar_profile
$template_uri:http://127.0.0.1/wp-content/themes/dt-the7
wp_ajax_xh_social_captcha
wp_ajax_get_album_names
do get_album_names_by_user
wp_ajax_oembed-cache
wp_ajax_wsocial_cron
wp_ajax_heartbeat
wp_ajax_vc_edit_form
wp_ajax_heartbeat
wp_ajax_heartbeat
wp_ajax_vc_edit_form
wp_ajax_heartbeat
wp_ajax_heartbeat
wp_ajax_heartbeat
wp_ajax_oembed-cache
wp_ajax_wsocial_cron
$template_uri:http://127.0.0.1/wp-content/themes/dt-the7
wp_ajax_xh_social_captcha
wp_ajax_get_album_names
do get_album_names_by_user
wp_ajax_heartbeat
wp_ajax_vc_edit_form
wp_ajax_heartbeat
wp_ajax_heartbeat
wp_ajax_heartbeat
wp_ajax_heartbeat
wp_ajax_heartbeat
wp_ajax_heartbeat
wp_ajax_heartbeat
wp_ajax_heartbeat
wp_ajax_heartbeat
wp_ajax_heartbeat
wp_ajax_heartbeat
wp_ajax_heartbeat
wp_ajax_heartbeat
wp_ajax_heartbeat
wp_ajax_heartbeat
wp_ajax_heartbeat
wp_ajax_heartbeat
wp_ajax_heartbeat
wp_ajax_heartbeat
wp_ajax_heartbeat
wp_ajax_heartbeat
wp_ajax_heartbeat
wp_ajax_heartbeat
wp_ajax_heartbeat
wp_ajax_heartbeat
wp_ajax_heartbeat
wp_ajax_heartbeat
wp_ajax_heartbeat
wp_ajax_imagify_get_admin_bar_profile
wp_ajax_heartbeat
wp_ajax_heartbeat
wp_ajax_oembed-cache
wp_ajax_wsocial_cron
wp_ajax_heartbeat
wp_ajax_heartbeat
wp_ajax_heartbeat
wp_ajax_heartbeat
wp_ajax_heartbeat
wp_ajax_heartbeat
$template_uri:http://127.0.0.1/wp-content/themes/dt-the7
wp_ajax_xh_social_captcha
wp_ajax_get_album_names
do get_album_names_by_user
wp_ajax_heartbeat
$template_uri:http://127.0.0.1/wp-content/themes/dt-the7
wp_ajax_xh_social_captcha
wp_ajax_xh_social_captcha
wp_ajax_get_album_names
do get_album_names_by_user
wp_ajax_heartbeat
wp_ajax_vc_edit_form
wp_ajax_heartbeat
wp_ajax_heartbeat
wp_ajax_heartbeat
wp_ajax_oembed-cache
wp_ajax_wsocial_cron
wp_ajax_heartbeat
wp_ajax_heartbeat
wp_ajax_heartbeat
wp_ajax_heartbeat
$template_uri:http://127.0.0.1/wp-content/themes/dt-the7
wp_ajax_xh_social_captcha
wp_ajax_get_album_names
do get_album_names_by_user
$template_uri:http://127.0.0.1/wp-content/themes/dt-the7
wp_ajax_xh_social_captcha
wp_ajax_get_album_names
do get_album_names_by_user
wp_ajax_heartbeat
wp_ajax_vc_edit_form
wp_ajax_heartbeat
wp_ajax_oembed-cache
wp_ajax_wsocial_cron
wp_ajax_heartbeat
wp_ajax_heartbeat
$template_uri:http://127.0.0.1/wp-content/themes/dt-the7
wp_ajax_xh_social_captcha
wp_ajax_get_album_names
do get_album_names_by_user
$template_uri:http://127.0.0.1/wp-content/themes/dt-the7
wp_ajax_xh_social_captcha
wp_ajax_get_album_names
do get_album_names_by_user
$template_uri:http://127.0.0.1/wp-content/themes/dt-the7
wp_ajax_xh_social_captcha
wp_ajax_get_album_names
do get_album_names_by_user
$template_uri:http://127.0.0.1/wp-content/themes/dt-the7
wp_ajax_xh_social_captcha
wp_ajax_get_album_names
do get_album_names_by_user
wp_ajax_xh_social_captcha
wp_ajax_get_album_names
do get_album_names_by_user
$template_uri:http://127.0.0.1/wp-content/themes/dt-the7
wp_ajax_xh_social_captcha
wp_ajax_get_album_names
do get_album_names_by_user
wp_ajax_xh_social_captcha
wp_ajax_get_album_names
do get_album_names_by_user
wp_ajax_heartbeat
$template_uri:http://127.0.0.1/wp-content/themes/dt-the7
wp_ajax_xh_social_captcha
wp_ajax_get_album_names
do get_album_names_by_user
wp_ajax_heartbeat
$template_uri:http://127.0.0.1/wp-content/themes/dt-the7
wp_ajax_xh_social_captcha
wp_ajax_get_album_names
do get_album_names_by_user
wp_ajax_heartbeat
wp_ajax_heartbeat
wp_ajax_heartbeat
wp_ajax_heartbeat
wp_ajax_vc_edit_form
wp_ajax_heartbeat
wp_ajax_heartbeat
wp_ajax_heartbeat
wp_ajax_heartbeat
wp_ajax_oembed-cache
wp_ajax_wsocial_cron
wp_ajax_heartbeat
wp_ajax_heartbeat
wp_ajax_heartbeat
wp_ajax_heartbeat
wp_ajax_heartbeat
wp_ajax_heartbeat
wp_ajax_heartbeat
wp_ajax_heartbeat
$template_uri:http://127.0.0.1/wp-content/themes/dt-the7
wp_ajax_xh_social_captcha
wp_ajax_get_album_names
do get_album_names_by_user
$template_uri:http://127.0.0.1/wp-content/themes/dt-the7
wp_ajax_xh_social_captcha
wp_ajax_get_album_names
do get_album_names_by_user
wp_ajax_heartbeat
wp_ajax_vc_edit_form
wp_ajax_heartbeat
wp_ajax_heartbeat
wp_ajax_heartbeat
wp_ajax_oembed-cache
wp_ajax_wsocial_cron
wp_ajax_heartbeat
wp_ajax_heartbeat
$template_uri:http://127.0.0.1/wp-content/themes/dt-the7
wp_ajax_xh_social_captcha
wp_ajax_get_album_names
do get_album_names_by_user
wp_ajax_heartbeat
wp_ajax_vc_edit_form
wp_ajax_heartbeat
wp_ajax_heartbeat
wp_ajax_heartbeat
wp_ajax_heartbeat
wp_ajax_heartbeat
wp_ajax_heartbeat
wp_ajax_oembed-cache
wp_ajax_wsocial_cron
wp_ajax_heartbeat
$template_uri:http://127.0.0.1/wp-content/themes/dt-the7
wp_ajax_xh_social_captcha
wp_ajax_get_album_names
do get_album_names_by_user
$template_uri:http://127.0.0.1/wp-content/themes/dt-the7
wp_ajax_xh_social_captcha
wp_ajax_get_album_names
do get_album_names_by_user
wp_ajax_heartbeat
wp_ajax_imagify_get_admin_bar_profile
wp_ajax_heartbeat
wp_ajax_heartbeat
wp_ajax_heartbeat
wp_ajax_heartbeat
wp_ajax_heartbeat
wp_ajax_heartbeat
wp_ajax_heartbeat
wp_ajax_heartbeat
wp_ajax_vc_edit_form
wp_ajax_heartbeat
wp_ajax_heartbeat
wp_ajax_heartbeat
wp_ajax_heartbeat
wp_ajax_heartbeat
wp_ajax_vc_edit_form
wp_ajax_heartbeat
wp_ajax_heartbeat
wp_ajax_heartbeat
wp_ajax_heartbeat
wp_ajax_heartbeat
wp_ajax_heartbeat
wp_ajax_heartbeat
wp_ajax_heartbeat
wp_ajax_heartbeat
wp_ajax_heartbeat
wp_ajax_heartbeat
wp_ajax_heartbeat
wp_ajax_heartbeat
wp_ajax_wp-remove-post-lock
